Flow report for SomadorSubtrator
Fri Apr 25 17:28:22 2014
Quartus II Version 9.1 Build 350 03/24/2010 Service Pack 2 SJ Web Edition


---------------------
; Table of Contents ;
---------------------
  1. Legal Notice
  2. Flow Summary
  3. Flow Settings
  4. Flow Non-Default Global Settings
  5. Flow Elapsed Time
  6. Flow OS Summary
  7. Flow Log



----------------
; Legal Notice ;
----------------
Copyright (C) 1991-2010 Altera Corporation
Your use of Altera Corporation's design tools, logic functions 
and other software and tools, and its AMPP partner logic 
functions, and any output files from any of the foregoing 
(including device programming or simulation files), and any 
associated documentation or information are expressly subject 
to the terms and conditions of the Altera Program License 
Subscription Agreement, Altera MegaCore Function License 
Agreement, or other applicable license agreement, including, 
without limitation, that your use is for the sole purpose of 
programming logic devices manufactured by Altera and sold by 
Altera or its authorized distributors.  Please refer to the 
applicable agreement for further details.



+------------------------------------------------------------------------------+
; Flow Summary                                                                 ;
+-------------------------------+----------------------------------------------+
; Flow Status                   ; Successful - Fri Apr 25 17:28:22 2014        ;
; Quartus II Version            ; 9.1 Build 350 03/24/2010 SP 2 SJ Web Edition ;
; Revision Name                 ; SomadorSubtrator                             ;
; Top-level Entity Name         ; SomadorSubtrator                             ;
; Family                        ; Stratix II                                   ;
; Met timing requirements       ; Yes                                          ;
; Logic utilization             ; < 1 %                                        ;
;     Combinational ALUTs       ; 7 / 12,480 ( < 1 % )                         ;
;     Dedicated logic registers ; 0 / 12,480 ( 0 % )                           ;
; Total registers               ; 0                                            ;
; Total pins                    ; 17 / 343 ( 5 % )                             ;
; Total virtual pins            ; 0                                            ;
; Total block memory bits       ; 0 / 419,328 ( 0 % )                          ;
; DSP block 9-bit elements      ; 0 / 96 ( 0 % )                               ;
; Total PLLs                    ; 0 / 6 ( 0 % )                                ;
; Total DLLs                    ; 0 / 2 ( 0 % )                                ;
; Device                        ; EP2S15F484C3                                 ;
; Timing Models                 ; Final                                        ;
+-------------------------------+----------------------------------------------+


+-----------------------------------------+
; Flow Settings                           ;
+-------------------+---------------------+
; Option            ; Setting             ;
+-------------------+---------------------+
; Start date & time ; 04/25/2014 17:27:37 ;
; Main task         ; Compilation         ;
; Revision Name     ; SomadorSubtrator    ;
+-------------------+---------------------+


+-----------------------------------------------------------------------------------------------------------------------------------------------------------------------------------------------------------+
; Flow Non-Default Global Settings                                                                                                                                                                          ;
+------------------------------------+-----------------------------------------------------------------------------------------------------------------------+---------------+-------------+----------------+
; Assignment Name                    ; Value                                                                                                                 ; Default Value ; Entity Name ; Section Id     ;
+------------------------------------+-----------------------------------------------------------------------------------------------------------------------+---------------+-------------+----------------+
; COMPILER_SIGNATURE_ID              ; 75350841403735.139845765605736                                                                                        ; --            ; --          ; --             ;
; MISC_FILE                          ; C:/Users/Marcio Áleson/Documents/CDC-UFPI/Arquitetura de Computadores/Material 2014.1/Trabalho 1/SomadorSubtrator.dpf ; --            ; --          ; --             ;
; PARTITION_COLOR                    ; 16764057                                                                                                              ; --            ; --          ; Top            ;
; PARTITION_NETLIST_TYPE             ; SOURCE                                                                                                                ; --            ; --          ; Top            ;
; USE_GENERATED_PHYSICAL_CONSTRAINTS ; Off                                                                                                                   ; --            ; --          ; eda_blast_fpga ;
+------------------------------------+-----------------------------------------------------------------------------------------------------------------------+---------------+-------------+----------------+


+-----------------------------------------------------------------------------------------------------------------------------+
; Flow Elapsed Time                                                                                                           ;
+-------------------------+--------------+-------------------------+---------------------+------------------------------------+
; Module Name             ; Elapsed Time ; Average Processors Used ; Peak Virtual Memory ; Total CPU Time (on all processors) ;
+-------------------------+--------------+-------------------------+---------------------+------------------------------------+
; Analysis & Synthesis    ; 00:00:07     ; 1.0                     ; 221 MB              ; 00:00:05                           ;
; Fitter                  ; 00:00:17     ; 1.0                     ; 262 MB              ; 00:00:14                           ;
; Assembler               ; 00:00:07     ; 1.0                     ; 229 MB              ; 00:00:06                           ;
; Classic Timing Analyzer ; 00:00:03     ; 1.0                     ; 159 MB              ; 00:00:03                           ;
; Total                   ; 00:00:34     ; --                      ; --                  ; 00:00:28                           ;
+-------------------------+--------------+-------------------------+---------------------+------------------------------------+


+------------------------------------------------------------------------------------------+
; Flow OS Summary                                                                          ;
+-------------------------+------------------+---------------+------------+----------------+
; Module Name             ; Machine Hostname ; OS Name       ; OS Version ; Processor type ;
+-------------------------+------------------+---------------+------------+----------------+
; Analysis & Synthesis    ; Intrépido        ; Windows Vista ; 6.2        ; i686           ;
; Fitter                  ; Intrépido        ; Windows Vista ; 6.2        ; i686           ;
; Assembler               ; Intrépido        ; Windows Vista ; 6.2        ; i686           ;
; Classic Timing Analyzer ; Intrépido        ; Windows Vista ; 6.2        ; i686           ;
+-------------------------+------------------+---------------+------------+----------------+


------------
; Flow Log ;
------------
quartus_map --read_settings_files=on --write_settings_files=off SomadorSubtrator -c SomadorSubtrator
quartus_fit --read_settings_files=off --write_settings_files=off SomadorSubtrator -c SomadorSubtrator
quartus_asm --read_settings_files=off --write_settings_files=off SomadorSubtrator -c SomadorSubtrator
quartus_tan --read_settings_files=off --write_settings_files=off SomadorSubtrator -c SomadorSubtrator --timing_analysis_only



